[2022-05-19 15:21:23] local.ERROR: SQLSTATE[42S22]: Column not found: 1054 Unknown column 'tbluser.id' in 'where clause' (SQL: select * from `tbluser` where `tbluser`.`id` = 3 limit 1) {"exception":"[object] (Illuminate\\Database\\QueryException(code: 42S22): SQLSTATE[42S22]: Column not found: 1054 Unknown column 'tbluser.id' in 'where clause' (SQL: select * from `tbluser` where `tbluser`.`id` = 3 limit 1) at C:\\xampp\\php\\subibi_sia\\vendor\\illuminate\\database\\Connection.php:716)
[stacktrace]
#0 C:\\xampp\\php\\subibi_sia\\vendor\\illuminate\\database\\Connection.php(676): Illuminate\\Database\\Connection->runQueryCallback('select * from `...', Array, Object(Closure))
#1 C:\\xampp\\php\\subibi_sia\\vendor\\illuminate\\database\\Connection.php(376): Illuminate\\Database\\Connection->run('select * from `...', Array, Object(Closure))
#2 C:\\xampp\\php\\subibi_sia\\vendor\\illuminate\\database\\Query\\Builder.php(2607): Illuminate\\Database\\Connection->select('select * from `...', Array, true)
#3 C:\\xampp\\php\\subibi_sia\\vendor\\illuminate\\database\\Query\\Builder.php(2595): Illuminate\\Database\\Query\\Builder->runSelect()
#4 C:\\xampp\\php\\subibi_sia\\vendor\\illuminate\\database\\Query\\Builder.php(3129): Illuminate\\Database\\Query\\Builder->Illuminate\\Database\\Query\\{closure}()
#5 C:\\xampp\\php\\subibi_sia\\vendor\\illuminate\\database\\Query\\Builder.php(2596): Illuminate\\Database\\Query\\Builder->onceWithColumns(Array, Object(Closure))
#6 C:\\xampp\\php\\subibi_sia\\vendor\\illuminate\\database\\Eloquent\\Builder.php(675): Illuminate\\Database\\Query\\Builder->get(Array)
#7 C:\\xampp\\php\\subibi_sia\\vendor\\illuminate\\database\\Eloquent\\Builder.php(659): Illuminate\\Database\\Eloquent\\Builder->getModels(Array)
#8 C:\\xampp\\php\\subibi_sia\\vendor\\illuminate\\database\\Concerns\\BuildsQueries.php(296): Illuminate\\Database\\Eloquent\\Builder->get(Array)
#9 C:\\xampp\\php\\subibi_sia\\vendor\\illuminate\\database\\Eloquent\\Builder.php(430): Illuminate\\Database\\Eloquent\\Builder->first(Array)
#10 C:\\xampp\\php\\subibi_sia\\vendor\\illuminate\\database\\Eloquent\\Builder.php(462): Illuminate\\Database\\Eloquent\\Builder->find('3', Array)
#11 C:\\xampp\\php\\subibi_sia\\vendor\\illuminate\\support\\Traits\\ForwardsCalls.php(23): Illuminate\\Database\\Eloquent\\Builder->findOrFail('3')
#12 C:\\xampp\\php\\subibi_sia\\vendor\\illuminate\\database\\Eloquent\\Model.php(2133): Illuminate\\Database\\Eloquent\\Model->forwardCallTo(Object(Illuminate\\Database\\Eloquent\\Builder), 'findOrFail', Array)
#13 C:\\xampp\\php\\subibi_sia\\vendor\\illuminate\\database\\Eloquent\\Model.php(2145): Illuminate\\Database\\Eloquent\\Model->__call('findOrFail', Array)
#14 C:\\xampp\\php\\subibi_sia\\app\\Http\\Controllers\\UserController.php(74): Illuminate\\Database\\Eloquent\\Model::__callStatic('findOrFail', Array)
#15 C:\\xampp\\php\\subibi_sia\\vendor\\illuminate\\container\\BoundMethod.php(36): App\\Http\\Controllers\\UserController->update(Object(Laravel\\Lumen\\Http\\Request), '3')
#16 C:\\xampp\\php\\subibi_sia\\vendor\\illuminate\\container\\Util.php(41): Illuminate\\Container\\BoundMethod::Illuminate\\Container\\{closure}()
#17 C:\\xampp\\php\\subibi_sia\\vendor\\illuminate\\container\\BoundMethod.php(93): Illuminate\\Container\\Util::unwrapIfClosure(Object(Closure))
#18 C:\\xampp\\php\\subibi_sia\\vendor\\illuminate\\container\\BoundMethod.php(37): Illuminate\\Container\\BoundMethod::callBoundMethod(Object(Laravel\\Lumen\\Application), Array, Object(Closure))
#19 C:\\xampp\\php\\subibi_sia\\vendor\\illuminate\\container\\Container.php(653): Illuminate\\Container\\BoundMethod::call(Object(Laravel\\Lumen\\Application), Array, Array, NULL)
#20 C:\\xampp\\php\\subibi_sia\\vendor\\laravel\\lumen-framework\\src\\Concerns\\RoutesRequests.php(389): Illuminate\\Container\\Container->call(Array, Array)
#21 C:\\xampp\\php\\subibi_sia\\vendor\\laravel\\lumen-framework\\src\\Concerns\\RoutesRequests.php(355): Laravel\\Lumen\\Application->callControllerCallable(Array, Array)
#22 C:\\xampp\\php\\subibi_sia\\vendor\\laravel\\lumen-framework\\src\\Concerns\\RoutesRequests.php(329): Laravel\\Lumen\\Application->callLumenController(Object(App\\Http\\Controllers\\UserController), 'update', Array)
#23 C:\\xampp\\php\\subibi_sia\\vendor\\laravel\\lumen-framework\\src\\Concerns\\RoutesRequests.php(282): Laravel\\Lumen\\Application->callControllerAction(Array)
#24 C:\\xampp\\php\\subibi_sia\\vendor\\laravel\\lumen-framework\\src\\Concerns\\RoutesRequests.php(267): Laravel\\Lumen\\Application->callActionOnArrayBasedRoute(Array)
#25 C:\\xampp\\php\\subibi_sia\\vendor\\laravel\\lumen-framework\\src\\Concerns\\RoutesRequests.php(237): Laravel\\Lumen\\Application->handleFoundRoute(Array)
#26 C:\\xampp\\php\\subibi_sia\\vendor\\laravel\\lumen-framework\\src\\Concerns\\RoutesRequests.php(173): Laravel\\Lumen\\Application->handleDispatcherResponse(Array)
#27 C:\\xampp\\php\\subibi_sia\\vendor\\laravel\\lumen-framework\\src\\Concerns\\RoutesRequests.php(429): Laravel\\Lumen\\Application->Laravel\\Lumen\\Concerns\\{closure}(Object(Laravel\\Lumen\\Http\\Request))
#28 C:\\xampp\\php\\subibi_sia\\vendor\\laravel\\lumen-framework\\src\\Concerns\\RoutesRequests.php(175): Laravel\\Lumen\\Application->sendThroughPipeline(Array, Object(Closure))
#29 C:\\xampp\\php\\subibi_sia\\vendor\\laravel\\lumen-framework\\src\\Concerns\\RoutesRequests.php(112): Laravel\\Lumen\\Application->dispatch(NULL)
#30 C:\\xampp\\php\\subibi_sia\\public\\index.php(28): Laravel\\Lumen\\Application->run()
#31 {main}

[previous exception] [object] (PDOException(code: 42S22): SQLSTATE[42S22]: Column not found: 1054 Unknown column 'tbluser.id' in 'where clause' at C:\\xampp\\php\\subibi_sia\\vendor\\illuminate\\database\\Connection.php:368)
[stacktrace]
#0 C:\\xampp\\php\\subibi_sia\\vendor\\illuminate\\database\\Connection.php(368): PDO->prepare('select * from `...')
#1 C:\\xampp\\php\\subibi_sia\\vendor\\illuminate\\database\\Connection.php(709): Illuminate\\Database\\Connection->Illuminate\\Database\\{closure}('select * from `...', Array)
#2 C:\\xampp\\php\\subibi_sia\\vendor\\illuminate\\database\\Connection.php(676): Illuminate\\Database\\Connection->runQueryCallback('select * from `...', Array, Object(Closure))
#3 C:\\xampp\\php\\subibi_sia\\vendor\\illuminate\\database\\Connection.php(376): Illuminate\\Database\\Connection->run('select * from `...', Array, Object(Closure))
#4 C:\\xampp\\php\\subibi_sia\\vendor\\illuminate\\database\\Query\\Builder.php(2607): Illuminate\\Database\\Connection->select('select * from `...', Array, true)
#5 C:\\xampp\\php\\subibi_sia\\vendor\\illuminate\\database\\Query\\Builder.php(2595): Illuminate\\Database\\Query\\Builder->runSelect()
#6 C:\\xampp\\php\\subibi_sia\\vendor\\illuminate\\database\\Query\\Builder.php(3129): Illuminate\\Database\\Query\\Builder->Illuminate\\Database\\Query\\{closure}()
#7 C:\\xampp\\php\\subibi_sia\\vendor\\illuminate\\database\\Query\\Builder.php(2596): Illuminate\\Database\\Query\\Builder->onceWithColumns(Array, Object(Closure))
#8 C:\\xampp\\php\\subibi_sia\\vendor\\illuminate\\database\\Eloquent\\Builder.php(675): Illuminate\\Database\\Query\\Builder->get(Array)
#9 C:\\xampp\\php\\subibi_sia\\vendor\\illuminate\\database\\Eloquent\\Builder.php(659): Illuminate\\Database\\Eloquent\\Builder->getModels(Array)
#10 C:\\xampp\\php\\subibi_sia\\vendor\\illuminate\\database\\Concerns\\BuildsQueries.php(296): Illuminate\\Database\\Eloquent\\Builder->get(Array)
#11 C:\\xampp\\php\\subibi_sia\\vendor\\illuminate\\database\\Eloquent\\Builder.php(430): Illuminate\\Database\\Eloquent\\Builder->first(Array)
#12 C:\\xampp\\php\\subibi_sia\\vendor\\illuminate\\database\\Eloquent\\Builder.php(462): Illuminate\\Database\\Eloquent\\Builder->find('3', Array)
#13 C:\\xampp\\php\\subibi_sia\\vendor\\illuminate\\support\\Traits\\ForwardsCalls.php(23): Illuminate\\Database\\Eloquent\\Builder->findOrFail('3')
#14 C:\\xampp\\php\\subibi_sia\\vendor\\illuminate\\database\\Eloquent\\Model.php(2133): Illuminate\\Database\\Eloquent\\Model->forwardCallTo(Object(Illuminate\\Database\\Eloquent\\Builder), 'findOrFail', Array)
#15 C:\\xampp\\php\\subibi_sia\\vendor\\illuminate\\database\\Eloquent\\Model.php(2145): Illuminate\\Database\\Eloquent\\Model->__call('findOrFail', Array)
#16 C:\\xampp\\php\\subibi_sia\\app\\Http\\Controllers\\UserController.php(74): Illuminate\\Database\\Eloquent\\Model::__callStatic('findOrFail', Array)
#17 C:\\xampp\\php\\subibi_sia\\vendor\\illuminate\\container\\BoundMethod.php(36): App\\Http\\Controllers\\UserController->update(Object(Laravel\\Lumen\\Http\\Request), '3')
#18 C:\\xampp\\php\\subibi_sia\\vendor\\illuminate\\container\\Util.php(41): Illuminate\\Container\\BoundMethod::Illuminate\\Container\\{closure}()
#19 C:\\xampp\\php\\subibi_sia\\vendor\\illuminate\\container\\BoundMethod.php(93): Illuminate\\Container\\Util::unwrapIfClosure(Object(Closure))
#20 C:\\xampp\\php\\subibi_sia\\vendor\\illuminate\\container\\BoundMethod.php(37): Illuminate\\Container\\BoundMethod::callBoundMethod(Object(Laravel\\Lumen\\Application), Array, Object(Closure))
#21 C:\\xampp\\php\\subibi_sia\\vendor\\illuminate\\container\\Container.php(653): Illuminate\\Container\\BoundMethod::call(Object(Laravel\\Lumen\\Application), Array, Array, NULL)
#22 C:\\xampp\\php\\subibi_sia\\vendor\\laravel\\lumen-framework\\src\\Concerns\\RoutesRequests.php(389): Illuminate\\Container\\Container->call(Array, Array)
#23 C:\\xampp\\php\\subibi_sia\\vendor\\laravel\\lumen-framework\\src\\Concerns\\RoutesRequests.php(355): Laravel\\Lumen\\Application->callControllerCallable(Array, Array)
#24 C:\\xampp\\php\\subibi_sia\\vendor\\laravel\\lumen-framework\\src\\Concerns\\RoutesRequests.php(329): Laravel\\Lumen\\Application->callLumenController(Object(App\\Http\\Controllers\\UserController), 'update', Array)
#25 C:\\xampp\\php\\subibi_sia\\vendor\\laravel\\lumen-framework\\src\\Concerns\\RoutesRequests.php(282): Laravel\\Lumen\\Application->callControllerAction(Array)
#26 C:\\xampp\\php\\subibi_sia\\vendor\\laravel\\lumen-framework\\src\\Concerns\\RoutesRequests.php(267): Laravel\\Lumen\\Application->callActionOnArrayBasedRoute(Array)
#27 C:\\xampp\\php\\subibi_sia\\vendor\\laravel\\lumen-framework\\src\\Concerns\\RoutesRequests.php(237): Laravel\\Lumen\\Application->handleFoundRoute(Array)
#28 C:\\xampp\\php\\subibi_sia\\vendor\\laravel\\lumen-framework\\src\\Concerns\\RoutesRequests.php(173): Laravel\\Lumen\\Application->handleDispatcherResponse(Array)
#29 C:\\xampp\\php\\subibi_sia\\vendor\\laravel\\lumen-framework\\src\\Concerns\\RoutesRequests.php(429): Laravel\\Lumen\\Application->Laravel\\Lumen\\Concerns\\{closure}(Object(Laravel\\Lumen\\Http\\Request))
#30 C:\\xampp\\php\\subibi_sia\\vendor\\laravel\\lumen-framework\\src\\Concerns\\RoutesRequests.php(175): Laravel\\Lumen\\Application->sendThroughPipeline(Array, Object(Closure))
#31 C:\\xampp\\php\\subibi_sia\\vendor\\laravel\\lumen-framework\\src\\Concerns\\RoutesRequests.php(112): Laravel\\Lumen\\Application->dispatch(NULL)
#32 C:\\xampp\\php\\subibi_sia\\public\\index.php(28): Laravel\\Lumen\\Application->run()
#33 {main}
"} 
[2022-05-19 15:22:16] local.ERROR: Unable to resolve dependency [Parameter #1 [ <required> $id ]] in class App\Http\Controllers\UserController {"exception":"[object] (Illuminate\\Contracts\\Container\\BindingResolutionException(code: 0): Unable to resolve dependency [Parameter #1 [ <required> $id ]] in class App\\Http\\Controllers\\UserController at C:\\xampp\\php\\subibi_sia\\vendor\\illuminate\\container\\BoundMethod.php:188)
[stacktrace]
#0 C:\\xampp\\php\\subibi_sia\\vendor\\illuminate\\container\\BoundMethod.php(124): Illuminate\\Container\\BoundMethod::addDependencyForCallParameter(Object(Laravel\\Lumen\\Application), Object(ReflectionParameter), Array, Array)
#1 C:\\xampp\\php\\subibi_sia\\vendor\\illuminate\\container\\BoundMethod.php(36): Illuminate\\Container\\BoundMethod::getMethodDependencies(Object(Laravel\\Lumen\\Application), Array, Array)
#2 C:\\xampp\\php\\subibi_sia\\vendor\\illuminate\\container\\Util.php(41): Illuminate\\Container\\BoundMethod::Illuminate\\Container\\{closure}()
#3 C:\\xampp\\php\\subibi_sia\\vendor\\illuminate\\container\\BoundMethod.php(93): Illuminate\\Container\\Util::unwrapIfClosure(Object(Closure))
#4 C:\\xampp\\php\\subibi_sia\\vendor\\illuminate\\container\\BoundMethod.php(37): Illuminate\\Container\\BoundMethod::callBoundMethod(Object(Laravel\\Lumen\\Application), Array, Object(Closure))
#5 C:\\xampp\\php\\subibi_sia\\vendor\\illuminate\\container\\Container.php(653): Illuminate\\Container\\BoundMethod::call(Object(Laravel\\Lumen\\Application), Array, Array, NULL)
#6 C:\\xampp\\php\\subibi_sia\\vendor\\laravel\\lumen-framework\\src\\Concerns\\RoutesRequests.php(389): Illuminate\\Container\\Container->call(Array, Array)
#7 C:\\xampp\\php\\subibi_sia\\vendor\\laravel\\lumen-framework\\src\\Concerns\\RoutesRequests.php(355): Laravel\\Lumen\\Application->callControllerCallable(Array, Array)
#8 C:\\xampp\\php\\subibi_sia\\vendor\\laravel\\lumen-framework\\src\\Concerns\\RoutesRequests.php(329): Laravel\\Lumen\\Application->callLumenController(Object(App\\Http\\Controllers\\UserController), 'update', Array)
#9 C:\\xampp\\php\\subibi_sia\\vendor\\laravel\\lumen-framework\\src\\Concerns\\RoutesRequests.php(282): Laravel\\Lumen\\Application->callControllerAction(Array)
#10 C:\\xampp\\php\\subibi_sia\\vendor\\laravel\\lumen-framework\\src\\Concerns\\RoutesRequests.php(267): Laravel\\Lumen\\Application->callActionOnArrayBasedRoute(Array)
#11 C:\\xampp\\php\\subibi_sia\\vendor\\laravel\\lumen-framework\\src\\Concerns\\RoutesRequests.php(237): Laravel\\Lumen\\Application->handleFoundRoute(Array)
#12 C:\\xampp\\php\\subibi_sia\\vendor\\laravel\\lumen-framework\\src\\Concerns\\RoutesRequests.php(173): Laravel\\Lumen\\Application->handleDispatcherResponse(Array)
#13 C:\\xampp\\php\\subibi_sia\\vendor\\laravel\\lumen-framework\\src\\Concerns\\RoutesRequests.php(429): Laravel\\Lumen\\Application->Laravel\\Lumen\\Concerns\\{closure}(Object(Laravel\\Lumen\\Http\\Request))
#14 C:\\xampp\\php\\subibi_sia\\vendor\\laravel\\lumen-framework\\src\\Concerns\\RoutesRequests.php(175): Laravel\\Lumen\\Application->sendThroughPipeline(Array, Object(Closure))
#15 C:\\xampp\\php\\subibi_sia\\vendor\\laravel\\lumen-framework\\src\\Concerns\\RoutesRequests.php(112): Laravel\\Lumen\\Application->dispatch(NULL)
#16 C:\\xampp\\php\\subibi_sia\\public\\index.php(28): Laravel\\Lumen\\Application->run()
#17 {main}
"} 
[2022-05-19 15:23:38] local.ERROR: SQLSTATE[42S22]: Column not found: 1054 Unknown column 'tbluser.id' in 'where clause' (SQL: select * from `tbluser` where `tbluser`.`id` = 3 limit 1) {"exception":"[object] (Illuminate\\Database\\QueryException(code: 42S22): SQLSTATE[42S22]: Column not found: 1054 Unknown column 'tbluser.id' in 'where clause' (SQL: select * from `tbluser` where `tbluser`.`id` = 3 limit 1) at C:\\xampp\\php\\subibi_sia\\vendor\\illuminate\\database\\Connection.php:716)
[stacktrace]
#0 C:\\xampp\\php\\subibi_sia\\vendor\\illuminate\\database\\Connection.php(676): Illuminate\\Database\\Connection->runQueryCallback('select * from `...', Array, Object(Closure))
#1 C:\\xampp\\php\\subibi_sia\\vendor\\illuminate\\database\\Connection.php(376): Illuminate\\Database\\Connection->run('select * from `...', Array, Object(Closure))
#2 C:\\xampp\\php\\subibi_sia\\vendor\\illuminate\\database\\Query\\Builder.php(2607): Illuminate\\Database\\Connection->select('select * from `...', Array, true)
#3 C:\\xampp\\php\\subibi_sia\\vendor\\illuminate\\database\\Query\\Builder.php(2595): Illuminate\\Database\\Query\\Builder->runSelect()
#4 C:\\xampp\\php\\subibi_sia\\vendor\\illuminate\\database\\Query\\Builder.php(3129): Illuminate\\Database\\Query\\Builder->Illuminate\\Database\\Query\\{closure}()
#5 C:\\xampp\\php\\subibi_sia\\vendor\\illuminate\\database\\Query\\Builder.php(2596): Illuminate\\Database\\Query\\Builder->onceWithColumns(Array, Object(Closure))
#6 C:\\xampp\\php\\subibi_sia\\vendor\\illuminate\\database\\Eloquent\\Builder.php(675): Illuminate\\Database\\Query\\Builder->get(Array)
#7 C:\\xampp\\php\\subibi_sia\\vendor\\illuminate\\database\\Eloquent\\Builder.php(659): Illuminate\\Database\\Eloquent\\Builder->getModels(Array)
#8 C:\\xampp\\php\\subibi_sia\\vendor\\illuminate\\database\\Concerns\\BuildsQueries.php(296): Illuminate\\Database\\Eloquent\\Builder->get(Array)
#9 C:\\xampp\\php\\subibi_sia\\vendor\\illuminate\\database\\Eloquent\\Builder.php(430): Illuminate\\Database\\Eloquent\\Builder->first(Array)
#10 C:\\xampp\\php\\subibi_sia\\vendor\\illuminate\\database\\Eloquent\\Builder.php(462): Illuminate\\Database\\Eloquent\\Builder->find('3', Array)
#11 C:\\xampp\\php\\subibi_sia\\vendor\\illuminate\\support\\Traits\\ForwardsCalls.php(23): Illuminate\\Database\\Eloquent\\Builder->findOrFail('3')
#12 C:\\xampp\\php\\subibi_sia\\vendor\\illuminate\\database\\Eloquent\\Model.php(2133): Illuminate\\Database\\Eloquent\\Model->forwardCallTo(Object(Illuminate\\Database\\Eloquent\\Builder), 'findOrFail', Array)
#13 C:\\xampp\\php\\subibi_sia\\vendor\\illuminate\\database\\Eloquent\\Model.php(2145): Illuminate\\Database\\Eloquent\\Model->__call('findOrFail', Array)
#14 C:\\xampp\\php\\subibi_sia\\app\\Http\\Controllers\\UserController.php(74): Illuminate\\Database\\Eloquent\\Model::__callStatic('findOrFail', Array)
#15 C:\\xampp\\php\\subibi_sia\\vendor\\illuminate\\container\\BoundMethod.php(36): App\\Http\\Controllers\\UserController->update(Object(Laravel\\Lumen\\Http\\Request), '3')
#16 C:\\xampp\\php\\subibi_sia\\vendor\\illuminate\\container\\Util.php(41): Illuminate\\Container\\BoundMethod::Illuminate\\Container\\{closure}()
#17 C:\\xampp\\php\\subibi_sia\\vendor\\illuminate\\container\\BoundMethod.php(93): Illuminate\\Container\\Util::unwrapIfClosure(Object(Closure))
#18 C:\\xampp\\php\\subibi_sia\\vendor\\illuminate\\container\\BoundMethod.php(37): Illuminate\\Container\\BoundMethod::callBoundMethod(Object(Laravel\\Lumen\\Application), Array, Object(Closure))
#19 C:\\xampp\\php\\subibi_sia\\vendor\\illuminate\\container\\Container.php(653): Illuminate\\Container\\BoundMethod::call(Object(Laravel\\Lumen\\Application), Array, Array, NULL)
#20 C:\\xampp\\php\\subibi_sia\\vendor\\laravel\\lumen-framework\\src\\Concerns\\RoutesRequests.php(389): Illuminate\\Container\\Container->call(Array, Array)
#21 C:\\xampp\\php\\subibi_sia\\vendor\\laravel\\lumen-framework\\src\\Concerns\\RoutesRequests.php(355): Laravel\\Lumen\\Application->callControllerCallable(Array, Array)
#22 C:\\xampp\\php\\subibi_sia\\vendor\\laravel\\lumen-framework\\src\\Concerns\\RoutesRequests.php(329): Laravel\\Lumen\\Application->callLumenController(Object(App\\Http\\Controllers\\UserController), 'update', Array)
#23 C:\\xampp\\php\\subibi_sia\\vendor\\laravel\\lumen-framework\\src\\Concerns\\RoutesRequests.php(282): Laravel\\Lumen\\Application->callControllerAction(Array)
#24 C:\\xampp\\php\\subibi_sia\\vendor\\laravel\\lumen-framework\\src\\Concerns\\RoutesRequests.php(267): Laravel\\Lumen\\Application->callActionOnArrayBasedRoute(Array)
#25 C:\\xampp\\php\\subibi_sia\\vendor\\laravel\\lumen-framework\\src\\Concerns\\RoutesRequests.php(237): Laravel\\Lumen\\Application->handleFoundRoute(Array)
#26 C:\\xampp\\php\\subibi_sia\\vendor\\laravel\\lumen-framework\\src\\Concerns\\RoutesRequests.php(173): Laravel\\Lumen\\Application->handleDispatcherResponse(Array)
#27 C:\\xampp\\php\\subibi_sia\\vendor\\laravel\\lumen-framework\\src\\Concerns\\RoutesRequests.php(429): Laravel\\Lumen\\Application->Laravel\\Lumen\\Concerns\\{closure}(Object(Laravel\\Lumen\\Http\\Request))
#28 C:\\xampp\\php\\subibi_sia\\vendor\\laravel\\lumen-framework\\src\\Concerns\\RoutesRequests.php(175): Laravel\\Lumen\\Application->sendThroughPipeline(Array, Object(Closure))
#29 C:\\xampp\\php\\subibi_sia\\vendor\\laravel\\lumen-framework\\src\\Concerns\\RoutesRequests.php(112): Laravel\\Lumen\\Application->dispatch(NULL)
#30 C:\\xampp\\php\\subibi_sia\\public\\index.php(28): Laravel\\Lumen\\Application->run()
#31 {main}

[previous exception] [object] (PDOException(code: 42S22): SQLSTATE[42S22]: Column not found: 1054 Unknown column 'tbluser.id' in 'where clause' at C:\\xampp\\php\\subibi_sia\\vendor\\illuminate\\database\\Connection.php:368)
[stacktrace]
#0 C:\\xampp\\php\\subibi_sia\\vendor\\illuminate\\database\\Connection.php(368): PDO->prepare('select * from `...')
#1 C:\\xampp\\php\\subibi_sia\\vendor\\illuminate\\database\\Connection.php(709): Illuminate\\Database\\Connection->Illuminate\\Database\\{closure}('select * from `...', Array)
#2 C:\\xampp\\php\\subibi_sia\\vendor\\illuminate\\database\\Connection.php(676): Illuminate\\Database\\Connection->runQueryCallback('select * from `...', Array, Object(Closure))
#3 C:\\xampp\\php\\subibi_sia\\vendor\\illuminate\\database\\Connection.php(376): Illuminate\\Database\\Connection->run('select * from `...', Array, Object(Closure))
#4 C:\\xampp\\php\\subibi_sia\\vendor\\illuminate\\database\\Query\\Builder.php(2607): Illuminate\\Database\\Connection->select('select * from `...', Array, true)
#5 C:\\xampp\\php\\subibi_sia\\vendor\\illuminate\\database\\Query\\Builder.php(2595): Illuminate\\Database\\Query\\Builder->runSelect()
#6 C:\\xampp\\php\\subibi_sia\\vendor\\illuminate\\database\\Query\\Builder.php(3129): Illuminate\\Database\\Query\\Builder->Illuminate\\Database\\Query\\{closure}()
#7 C:\\xampp\\php\\subibi_sia\\vendor\\illuminate\\database\\Query\\Builder.php(2596): Illuminate\\Database\\Query\\Builder->onceWithColumns(Array, Object(Closure))
#8 C:\\xampp\\php\\subibi_sia\\vendor\\illuminate\\database\\Eloquent\\Builder.php(675): Illuminate\\Database\\Query\\Builder->get(Array)
#9 C:\\xampp\\php\\subibi_sia\\vendor\\illuminate\\database\\Eloquent\\Builder.php(659): Illuminate\\Database\\Eloquent\\Builder->getModels(Array)
#10 C:\\xampp\\php\\subibi_sia\\vendor\\illuminate\\database\\Concerns\\BuildsQueries.php(296): Illuminate\\Database\\Eloquent\\Builder->get(Array)
#11 C:\\xampp\\php\\subibi_sia\\vendor\\illuminate\\database\\Eloquent\\Builder.php(430): Illuminate\\Database\\Eloquent\\Builder->first(Array)
#12 C:\\xampp\\php\\subibi_sia\\vendor\\illuminate\\database\\Eloquent\\Builder.php(462): Illuminate\\Database\\Eloquent\\Builder->find('3', Array)
#13 C:\\xampp\\php\\subibi_sia\\vendor\\illuminate\\support\\Traits\\ForwardsCalls.php(23): Illuminate\\Database\\Eloquent\\Builder->findOrFail('3')
#14 C:\\xampp\\php\\subibi_sia\\vendor\\illuminate\\database\\Eloquent\\Model.php(2133): Illuminate\\Database\\Eloquent\\Model->forwardCallTo(Object(Illuminate\\Database\\Eloquent\\Builder), 'findOrFail', Array)
#15 C:\\xampp\\php\\subibi_sia\\vendor\\illuminate\\database\\Eloquent\\Model.php(2145): Illuminate\\Database\\Eloquent\\Model->__call('findOrFail', Array)
#16 C:\\xampp\\php\\subibi_sia\\app\\Http\\Controllers\\UserController.php(74): Illuminate\\Database\\Eloquent\\Model::__callStatic('findOrFail', Array)
#17 C:\\xampp\\php\\subibi_sia\\vendor\\illuminate\\container\\BoundMethod.php(36): App\\Http\\Controllers\\UserController->update(Object(Laravel\\Lumen\\Http\\Request), '3')
#18 C:\\xampp\\php\\subibi_sia\\vendor\\illuminate\\container\\Util.php(41): Illuminate\\Container\\BoundMethod::Illuminate\\Container\\{closure}()
#19 C:\\xampp\\php\\subibi_sia\\vendor\\illuminate\\container\\BoundMethod.php(93): Illuminate\\Container\\Util::unwrapIfClosure(Object(Closure))
#20 C:\\xampp\\php\\subibi_sia\\vendor\\illuminate\\container\\BoundMethod.php(37): Illuminate\\Container\\BoundMethod::callBoundMethod(Object(Laravel\\Lumen\\Application), Array, Object(Closure))
#21 C:\\xampp\\php\\subibi_sia\\vendor\\illuminate\\container\\Container.php(653): Illuminate\\Container\\BoundMethod::call(Object(Laravel\\Lumen\\Application), Array, Array, NULL)
#22 C:\\xampp\\php\\subibi_sia\\vendor\\laravel\\lumen-framework\\src\\Concerns\\RoutesRequests.php(389): Illuminate\\Container\\Container->call(Array, Array)
#23 C:\\xampp\\php\\subibi_sia\\vendor\\laravel\\lumen-framework\\src\\Concerns\\RoutesRequests.php(355): Laravel\\Lumen\\Application->callControllerCallable(Array, Array)
#24 C:\\xampp\\php\\subibi_sia\\vendor\\laravel\\lumen-framework\\src\\Concerns\\RoutesRequests.php(329): Laravel\\Lumen\\Application->callLumenController(Object(App\\Http\\Controllers\\UserController), 'update', Array)
#25 C:\\xampp\\php\\subibi_sia\\vendor\\laravel\\lumen-framework\\src\\Concerns\\RoutesRequests.php(282): Laravel\\Lumen\\Application->callControllerAction(Array)
#26 C:\\xampp\\php\\subibi_sia\\vendor\\laravel\\lumen-framework\\src\\Concerns\\RoutesRequests.php(267): Laravel\\Lumen\\Application->callActionOnArrayBasedRoute(Array)
#27 C:\\xampp\\php\\subibi_sia\\vendor\\laravel\\lumen-framework\\src\\Concerns\\RoutesRequests.php(237): Laravel\\Lumen\\Application->handleFoundRoute(Array)
#28 C:\\xampp\\php\\subibi_sia\\vendor\\laravel\\lumen-framework\\src\\Concerns\\RoutesRequests.php(173): Laravel\\Lumen\\Application->handleDispatcherResponse(Array)
#29 C:\\xampp\\php\\subibi_sia\\vendor\\laravel\\lumen-framework\\src\\Concerns\\RoutesRequests.php(429): Laravel\\Lumen\\Application->Laravel\\Lumen\\Concerns\\{closure}(Object(Laravel\\Lumen\\Http\\Request))
#30 C:\\xampp\\php\\subibi_sia\\vendor\\laravel\\lumen-framework\\src\\Concerns\\RoutesRequests.php(175): Laravel\\Lumen\\Application->sendThroughPipeline(Array, Object(Closure))
#31 C:\\xampp\\php\\subibi_sia\\vendor\\laravel\\lumen-framework\\src\\Concerns\\RoutesRequests.php(112): Laravel\\Lumen\\Application->dispatch(NULL)
#32 C:\\xampp\\php\\subibi_sia\\public\\index.php(28): Laravel\\Lumen\\Application->run()
#33 {main}
"} 
[2022-05-19 15:24:03] local.ERROR: SQLSTATE[42S22]: Column not found: 1054 Unknown column 'tbluser.id' in 'where clause' (SQL: select * from `tbluser` where `tbluser`.`id` = 3 limit 1) {"exception":"[object] (Illuminate\\Database\\QueryException(code: 42S22): SQLSTATE[42S22]: Column not found: 1054 Unknown column 'tbluser.id' in 'where clause' (SQL: select * from `tbluser` where `tbluser`.`id` = 3 limit 1) at C:\\xampp\\php\\subibi_sia\\vendor\\illuminate\\database\\Connection.php:716)
[stacktrace]
#0 C:\\xampp\\php\\subibi_sia\\vendor\\illuminate\\database\\Connection.php(676): Illuminate\\Database\\Connection->runQueryCallback('select * from `...', Array, Object(Closure))
#1 C:\\xampp\\php\\subibi_sia\\vendor\\illuminate\\database\\Connection.php(376): Illuminate\\Database\\Connection->run('select * from `...', Array, Object(Closure))
#2 C:\\xampp\\php\\subibi_sia\\vendor\\illuminate\\database\\Query\\Builder.php(2607): Illuminate\\Database\\Connection->select('select * from `...', Array, true)
#3 C:\\xampp\\php\\subibi_sia\\vendor\\illuminate\\database\\Query\\Builder.php(2595): Illuminate\\Database\\Query\\Builder->runSelect()
#4 C:\\xampp\\php\\subibi_sia\\vendor\\illuminate\\database\\Query\\Builder.php(3129): Illuminate\\Database\\Query\\Builder->Illuminate\\Database\\Query\\{closure}()
#5 C:\\xampp\\php\\subibi_sia\\vendor\\illuminate\\database\\Query\\Builder.php(2596): Illuminate\\Database\\Query\\Builder->onceWithColumns(Array, Object(Closure))
#6 C:\\xampp\\php\\subibi_sia\\vendor\\illuminate\\database\\Eloquent\\Builder.php(675): Illuminate\\Database\\Query\\Builder->get(Array)
#7 C:\\xampp\\php\\subibi_sia\\vendor\\illuminate\\database\\Eloquent\\Builder.php(659): Illuminate\\Database\\Eloquent\\Builder->getModels(Array)
#8 C:\\xampp\\php\\subibi_sia\\vendor\\illuminate\\database\\Concerns\\BuildsQueries.php(296): Illuminate\\Database\\Eloquent\\Builder->get(Array)
#9 C:\\xampp\\php\\subibi_sia\\vendor\\illuminate\\database\\Eloquent\\Builder.php(430): Illuminate\\Database\\Eloquent\\Builder->first(Array)
#10 C:\\xampp\\php\\subibi_sia\\vendor\\illuminate\\database\\Eloquent\\Builder.php(462): Illuminate\\Database\\Eloquent\\Builder->find('3', Array)
#11 C:\\xampp\\php\\subibi_sia\\vendor\\illuminate\\support\\Traits\\ForwardsCalls.php(23): Illuminate\\Database\\Eloquent\\Builder->findOrFail('3')
#12 C:\\xampp\\php\\subibi_sia\\vendor\\illuminate\\database\\Eloquent\\Model.php(2133): Illuminate\\Database\\Eloquent\\Model->forwardCallTo(Object(Illuminate\\Database\\Eloquent\\Builder), 'findOrFail', Array)
#13 C:\\xampp\\php\\subibi_sia\\vendor\\illuminate\\database\\Eloquent\\Model.php(2145): Illuminate\\Database\\Eloquent\\Model->__call('findOrFail', Array)
#14 C:\\xampp\\php\\subibi_sia\\app\\Http\\Controllers\\UserController.php(74): Illuminate\\Database\\Eloquent\\Model::__callStatic('findOrFail', Array)
#15 C:\\xampp\\php\\subibi_sia\\vendor\\illuminate\\container\\BoundMethod.php(36): App\\Http\\Controllers\\UserController->update(Object(Laravel\\Lumen\\Http\\Request), '3')
#16 C:\\xampp\\php\\subibi_sia\\vendor\\illuminate\\container\\Util.php(41): Illuminate\\Container\\BoundMethod::Illuminate\\Container\\{closure}()
#17 C:\\xampp\\php\\subibi_sia\\vendor\\illuminate\\container\\BoundMethod.php(93): Illuminate\\Container\\Util::unwrapIfClosure(Object(Closure))
#18 C:\\xampp\\php\\subibi_sia\\vendor\\illuminate\\container\\BoundMethod.php(37): Illuminate\\Container\\BoundMethod::callBoundMethod(Object(Laravel\\Lumen\\Application), Array, Object(Closure))
#19 C:\\xampp\\php\\subibi_sia\\vendor\\illuminate\\container\\Container.php(653): Illuminate\\Container\\BoundMethod::call(Object(Laravel\\Lumen\\Application), Array, Array, NULL)
#20 C:\\xampp\\php\\subibi_sia\\vendor\\laravel\\lumen-framework\\src\\Concerns\\RoutesRequests.php(389): Illuminate\\Container\\Container->call(Array, Array)
#21 C:\\xampp\\php\\subibi_sia\\vendor\\laravel\\lumen-framework\\src\\Concerns\\RoutesRequests.php(355): Laravel\\Lumen\\Application->callControllerCallable(Array, Array)
#22 C:\\xampp\\php\\subibi_sia\\vendor\\laravel\\lumen-framework\\src\\Concerns\\RoutesRequests.php(329): Laravel\\Lumen\\Application->callLumenController(Object(App\\Http\\Controllers\\UserController), 'update', Array)
#23 C:\\xampp\\php\\subibi_sia\\vendor\\laravel\\lumen-framework\\src\\Concerns\\RoutesRequests.php(282): Laravel\\Lumen\\Application->callControllerAction(Array)
#24 C:\\xampp\\php\\subibi_sia\\vendor\\laravel\\lumen-framework\\src\\Concerns\\RoutesRequests.php(267): Laravel\\Lumen\\Application->callActionOnArrayBasedRoute(Array)
#25 C:\\xampp\\php\\subibi_sia\\vendor\\laravel\\lumen-framework\\src\\Concerns\\RoutesRequests.php(237): Laravel\\Lumen\\Application->handleFoundRoute(Array)
#26 C:\\xampp\\php\\subibi_sia\\vendor\\laravel\\lumen-framework\\src\\Concerns\\RoutesRequests.php(173): Laravel\\Lumen\\Application->handleDispatcherResponse(Array)
#27 C:\\xampp\\php\\subibi_sia\\vendor\\laravel\\lumen-framework\\src\\Concerns\\RoutesRequests.php(429): Laravel\\Lumen\\Application->Laravel\\Lumen\\Concerns\\{closure}(Object(Laravel\\Lumen\\Http\\Request))
#28 C:\\xampp\\php\\subibi_sia\\vendor\\laravel\\lumen-framework\\src\\Concerns\\RoutesRequests.php(175): Laravel\\Lumen\\Application->sendThroughPipeline(Array, Object(Closure))
#29 C:\\xampp\\php\\subibi_sia\\vendor\\laravel\\lumen-framework\\src\\Concerns\\RoutesRequests.php(112): Laravel\\Lumen\\Application->dispatch(NULL)
#30 C:\\xampp\\php\\subibi_sia\\public\\index.php(28): Laravel\\Lumen\\Application->run()
#31 {main}

[previous exception] [object] (PDOException(code: 42S22): SQLSTATE[42S22]: Column not found: 1054 Unknown column 'tbluser.id' in 'where clause' at C:\\xampp\\php\\subibi_sia\\vendor\\illuminate\\database\\Connection.php:368)
[stacktrace]
#0 C:\\xampp\\php\\subibi_sia\\vendor\\illuminate\\database\\Connection.php(368): PDO->prepare('select * from `...')
#1 C:\\xampp\\php\\subibi_sia\\vendor\\illuminate\\database\\Connection.php(709): Illuminate\\Database\\Connection->Illuminate\\Database\\{closure}('select * from `...', Array)
#2 C:\\xampp\\php\\subibi_sia\\vendor\\illuminate\\database\\Connection.php(676): Illuminate\\Database\\Connection->runQueryCallback('select * from `...', Array, Object(Closure))
#3 C:\\xampp\\php\\subibi_sia\\vendor\\illuminate\\database\\Connection.php(376): Illuminate\\Database\\Connection->run('select * from `...', Array, Object(Closure))
#4 C:\\xampp\\php\\subibi_sia\\vendor\\illuminate\\database\\Query\\Builder.php(2607): Illuminate\\Database\\Connection->select('select * from `...', Array, true)
#5 C:\\xampp\\php\\subibi_sia\\vendor\\illuminate\\database\\Query\\Builder.php(2595): Illuminate\\Database\\Query\\Builder->runSelect()
#6 C:\\xampp\\php\\subibi_sia\\vendor\\illuminate\\database\\Query\\Builder.php(3129): Illuminate\\Database\\Query\\Builder->Illuminate\\Database\\Query\\{closure}()
#7 C:\\xampp\\php\\subibi_sia\\vendor\\illuminate\\database\\Query\\Builder.php(2596): Illuminate\\Database\\Query\\Builder->onceWithColumns(Array, Object(Closure))
#8 C:\\xampp\\php\\subibi_sia\\vendor\\illuminate\\database\\Eloquent\\Builder.php(675): Illuminate\\Database\\Query\\Builder->get(Array)
#9 C:\\xampp\\php\\subibi_sia\\vendor\\illuminate\\database\\Eloquent\\Builder.php(659): Illuminate\\Database\\Eloquent\\Builder->getModels(Array)
#10 C:\\xampp\\php\\subibi_sia\\vendor\\illuminate\\database\\Concerns\\BuildsQueries.php(296): Illuminate\\Database\\Eloquent\\Builder->get(Array)
#11 C:\\xampp\\php\\subibi_sia\\vendor\\illuminate\\database\\Eloquent\\Builder.php(430): Illuminate\\Database\\Eloquent\\Builder->first(Array)
#12 C:\\xampp\\php\\subibi_sia\\vendor\\illuminate\\database\\Eloquent\\Builder.php(462): Illuminate\\Database\\Eloquent\\Builder->find('3', Array)
#13 C:\\xampp\\php\\subibi_sia\\vendor\\illuminate\\support\\Traits\\ForwardsCalls.php(23): Illuminate\\Database\\Eloquent\\Builder->findOrFail('3')
#14 C:\\xampp\\php\\subibi_sia\\vendor\\illuminate\\database\\Eloquent\\Model.php(2133): Illuminate\\Database\\Eloquent\\Model->forwardCallTo(Object(Illuminate\\Database\\Eloquent\\Builder), 'findOrFail', Array)
#15 C:\\xampp\\php\\subibi_sia\\vendor\\illuminate\\database\\Eloquent\\Model.php(2145): Illuminate\\Database\\Eloquent\\Model->__call('findOrFail', Array)
#16 C:\\xampp\\php\\subibi_sia\\app\\Http\\Controllers\\UserController.php(74): Illuminate\\Database\\Eloquent\\Model::__callStatic('findOrFail', Array)
#17 C:\\xampp\\php\\subibi_sia\\vendor\\illuminate\\container\\BoundMethod.php(36): App\\Http\\Controllers\\UserController->update(Object(Laravel\\Lumen\\Http\\Request), '3')
#18 C:\\xampp\\php\\subibi_sia\\vendor\\illuminate\\container\\Util.php(41): Illuminate\\Container\\BoundMethod::Illuminate\\Container\\{closure}()
#19 C:\\xampp\\php\\subibi_sia\\vendor\\illuminate\\container\\BoundMethod.php(93): Illuminate\\Container\\Util::unwrapIfClosure(Object(Closure))
#20 C:\\xampp\\php\\subibi_sia\\vendor\\illuminate\\container\\BoundMethod.php(37): Illuminate\\Container\\BoundMethod::callBoundMethod(Object(Laravel\\Lumen\\Application), Array, Object(Closure))
#21 C:\\xampp\\php\\subibi_sia\\vendor\\illuminate\\container\\Container.php(653): Illuminate\\Container\\BoundMethod::call(Object(Laravel\\Lumen\\Application), Array, Array, NULL)
#22 C:\\xampp\\php\\subibi_sia\\vendor\\laravel\\lumen-framework\\src\\Concerns\\RoutesRequests.php(389): Illuminate\\Container\\Container->call(Array, Array)
#23 C:\\xampp\\php\\subibi_sia\\vendor\\laravel\\lumen-framework\\src\\Concerns\\RoutesRequests.php(355): Laravel\\Lumen\\Application->callControllerCallable(Array, Array)
#24 C:\\xampp\\php\\subibi_sia\\vendor\\laravel\\lumen-framework\\src\\Concerns\\RoutesRequests.php(329): Laravel\\Lumen\\Application->callLumenController(Object(App\\Http\\Controllers\\UserController), 'update', Array)
#25 C:\\xampp\\php\\subibi_sia\\vendor\\laravel\\lumen-framework\\src\\Concerns\\RoutesRequests.php(282): Laravel\\Lumen\\Application->callControllerAction(Array)
#26 C:\\xampp\\php\\subibi_sia\\vendor\\laravel\\lumen-framework\\src\\Concerns\\RoutesRequests.php(267): Laravel\\Lumen\\Application->callActionOnArrayBasedRoute(Array)
#27 C:\\xampp\\php\\subibi_sia\\vendor\\laravel\\lumen-framework\\src\\Concerns\\RoutesRequests.php(237): Laravel\\Lumen\\Application->handleFoundRoute(Array)
#28 C:\\xampp\\php\\subibi_sia\\vendor\\laravel\\lumen-framework\\src\\Concerns\\RoutesRequests.php(173): Laravel\\Lumen\\Application->handleDispatcherResponse(Array)
#29 C:\\xampp\\php\\subibi_sia\\vendor\\laravel\\lumen-framework\\src\\Concerns\\RoutesRequests.php(429): Laravel\\Lumen\\Application->Laravel\\Lumen\\Concerns\\{closure}(Object(Laravel\\Lumen\\Http\\Request))
#30 C:\\xampp\\php\\subibi_sia\\vendor\\laravel\\lumen-framework\\src\\Concerns\\RoutesRequests.php(175): Laravel\\Lumen\\Application->sendThroughPipeline(Array, Object(Closure))
#31 C:\\xampp\\php\\subibi_sia\\vendor\\laravel\\lumen-framework\\src\\Concerns\\RoutesRequests.php(112): Laravel\\Lumen\\Application->dispatch(NULL)
#32 C:\\xampp\\php\\subibi_sia\\public\\index.php(28): Laravel\\Lumen\\Application->run()
#33 {main}
"} 
