[2022-04-09 11:29:16] local.ERROR: Call to a member function connection() on null {"exception":"[object] (Error(code: 0): Call to a member function connection() on null at C:\\xampp\\php\\subibi_sia\\vendor\\illuminate\\database\\Eloquent\\Model.php:1658)
[stacktrace]
#0 C:\\xampp\\php\\subibi_sia\\vendor\\illuminate\\database\\Eloquent\\Model.php(1624): Illuminate\\Database\\Eloquent\\Model::resolveConnection(NULL)
#1 C:\\xampp\\php\\subibi_sia\\vendor\\illuminate\\database\\Eloquent\\Model.php(1427): Illuminate\\Database\\Eloquent\\Model->getConnection()
#2 C:\\xampp\\php\\subibi_sia\\vendor\\illuminate\\database\\Eloquent\\Model.php(1344): Illuminate\\Database\\Eloquent\\Model->newBaseQueryBuilder()
#3 C:\\xampp\\php\\subibi_sia\\vendor\\illuminate\\database\\Eloquent\\Model.php(1380): Illuminate\\Database\\Eloquent\\Model->newModelQuery()
#4 C:\\xampp\\php\\subibi_sia\\vendor\\illuminate\\database\\Eloquent\\Model.php(1333): Illuminate\\Database\\Eloquent\\Model->newQueryWithoutScopes()
#5 C:\\xampp\\php\\subibi_sia\\vendor\\illuminate\\database\\Eloquent\\Model.php(1323): Illuminate\\Database\\Eloquent\\Model->newQuery()
#6 C:\\xampp\\php\\subibi_sia\\vendor\\illuminate\\database\\Eloquent\\Model.php(569): Illuminate\\Database\\Eloquent\\Model::query()
#7 C:\\xampp\\php\\subibi_sia\\app\\Http\\Controllers\\UserController.php(15): Illuminate\\Database\\Eloquent\\Model::all()
#8 C:\\xampp\\php\\subibi_sia\\vendor\\illuminate\\container\\BoundMethod.php(36): App\\Http\\Controllers\\UserController->getUsers()
#9 C:\\xampp\\php\\subibi_sia\\vendor\\illuminate\\container\\Util.php(41): Illuminate\\Container\\BoundMethod::Illuminate\\Container\\{closure}()
#10 C:\\xampp\\php\\subibi_sia\\vendor\\illuminate\\container\\BoundMethod.php(93): Illuminate\\Container\\Util::unwrapIfClosure(Object(Closure))
#11 C:\\xampp\\php\\subibi_sia\\vendor\\illuminate\\container\\BoundMethod.php(37): Illuminate\\Container\\BoundMethod::callBoundMethod(Object(Laravel\\Lumen\\Application), Array, Object(Closure))
#12 C:\\xampp\\php\\subibi_sia\\vendor\\illuminate\\container\\Container.php(653): Illuminate\\Container\\BoundMethod::call(Object(Laravel\\Lumen\\Application), Array, Array, NULL)
#13 C:\\xampp\\php\\subibi_sia\\vendor\\laravel\\lumen-framework\\src\\Concerns\\RoutesRequests.php(389): Illuminate\\Container\\Container->call(Array, Array)
#14 C:\\xampp\\php\\subibi_sia\\vendor\\laravel\\lumen-framework\\src\\Concerns\\RoutesRequests.php(355): Laravel\\Lumen\\Application->callControllerCallable(Array, Array)
#15 C:\\xampp\\php\\subibi_sia\\vendor\\laravel\\lumen-framework\\src\\Concerns\\RoutesRequests.php(329): Laravel\\Lumen\\Application->callLumenController(Object(App\\Http\\Controllers\\UserController), 'getUsers', Array)
#16 C:\\xampp\\php\\subibi_sia\\vendor\\laravel\\lumen-framework\\src\\Concerns\\RoutesRequests.php(282): Laravel\\Lumen\\Application->callControllerAction(Array)
#17 C:\\xampp\\php\\subibi_sia\\vendor\\laravel\\lumen-framework\\src\\Concerns\\RoutesRequests.php(267): Laravel\\Lumen\\Application->callActionOnArrayBasedRoute(Array)
#18 C:\\xampp\\php\\subibi_sia\\vendor\\laravel\\lumen-framework\\src\\Concerns\\RoutesRequests.php(169): Laravel\\Lumen\\Application->handleFoundRoute(Array)
#19 C:\\xampp\\php\\subibi_sia\\vendor\\laravel\\lumen-framework\\src\\Concerns\\RoutesRequests.php(429): Laravel\\Lumen\\Application->Laravel\\Lumen\\Concerns\\{closure}(Object(Laravel\\Lumen\\Http\\Request))
#20 C:\\xampp\\php\\subibi_sia\\vendor\\laravel\\lumen-framework\\src\\Concerns\\RoutesRequests.php(175): Laravel\\Lumen\\Application->sendThroughPipeline(Array, Object(Closure))
#21 C:\\xampp\\php\\subibi_sia\\vendor\\laravel\\lumen-framework\\src\\Concerns\\RoutesRequests.php(112): Laravel\\Lumen\\Application->dispatch(NULL)
#22 C:\\xampp\\php\\subibi_sia\\public\\index.php(28): Laravel\\Lumen\\Application->run()
#23 {main}
"} 
